<?xml version="1.0" encoding="UTF-8"?>
<testsuite name="InMemoryProductRepository Tests" tests="2" skipped="0" failures="0" errors="0" timestamp="2025-10-15T16:19:42" hostname="DESKTOP-AK5M5IG" time="0.985">
  <properties/>
  <testcase name="Test find all products" classname="com.example.productcomparison.repository.InMemoryProductRepositoryTest" time="0.969"/>
  <testcase name="Test find product by id" classname="com.example.productcomparison.repository.InMemoryProductRepositoryTest" time="0.01"/>
  <system-out><![CDATA[]]></system-out>
  <system-err><![CDATA[]]></system-err>
</testsuite>
