<?xml version="1.0" encoding="UTF-8"?>
<testsuite name="ProductService Complete Unit Tests" tests="6" skipped="0" failures="0" errors="0" timestamp="2025-10-15T16:19:43" hostname="DESKTOP-AK5M5IG" time="0.062">
  <properties/>
  <testcase name="getProductById should throw ProductNotFoundException when product does not exist" classname="com.example.productcomparison.service.ProductServiceTest" time="0.05"/>
  <testcase name="searchByName should return matching products" classname="com.example.productcomparison.service.ProductServiceTest" time="0.001"/>
  <testcase name="getProductById should throw exception when id is empty" classname="com.example.productcomparison.service.ProductServiceTest" time="0.002"/>
  <testcase name="getProductById should return product when it exists" classname="com.example.productcomparison.service.ProductServiceTest" time="0.002"/>
  <testcase name="getAllProducts should return empty list when no products exist" classname="com.example.productcomparison.service.ProductServiceTest" time="0.001"/>
  <testcase name="getAllProducts should return all products from repository" classname="com.example.productcomparison.service.ProductServiceTest" time="0.003"/>
  <system-out><![CDATA[]]></system-out>
  <system-err><![CDATA[]]></system-err>
</testsuite>
